2019-03-13 11:27:40.291  INFO 7512 --- [restartedMain] c.z.f.FirstSpringBootApplication         : Starting FirstSpringBootApplication on Z3X9CSF9XM4HM49 with PID 7512 (D:\IdeaProjects\firstSpringBoot\target\classes started by Administrator in D:\IdeaProjects\firstSpringBoot)
2019-03-13 11:27:40.301  INFO 7512 --- [restartedMain] c.z.f.FirstSpringBootApplication         : The following profiles are active: dev
2019-03-13 11:27:40.350  INFO 7512 --- [restartedMain] .e.DevToolsPropertyDefaultsPostProcessor : Devtools property defaults active! Set 'spring.devtools.add-properties' to 'false' to disable
2019-03-13 11:27:40.350  INFO 7512 --- [restartedMain] .e.DevToolsPropertyDefaultsPostProcessor : For additional web related logging consider setting the 'logging.level.web' property to 'DEBUG'
2019-03-13 11:27:42.123  INFO 7512 --- [restartedMain] .s.d.r.c.RepositoryConfigurationDelegate : Bootstrapping Spring Data repositories in DEFAULT mode.
2019-03-13 11:27:42.328  INFO 7512 --- [restartedMain] .s.d.r.c.RepositoryConfigurationDelegate : Finished Spring Data repository scanning in 196ms. Found 1 repository interfaces.
2019-03-13 11:27:42.784  INFO 7512 --- [restartedMain] trationDelegate$BeanPostProcessorChecker : Bean 'org.springframework.transaction.annotation.ProxyTransactionManagementConfiguration' of type [org.springframework.transaction.annotation.ProxyTransactionManagementConfiguration$$EnhancerBySpringCGLIB$$bfe4aded] is not eligible for getting processed by all BeanPostProcessors (for example: not eligible for auto-proxying)
2019-03-13 11:27:43.626  INFO 7512 --- [restartedMain] o.s.b.w.embedded.tomcat.TomcatWebServer  : Tomcat initialized with port(s): 8088 (http)
2019-03-13 11:27:43.673  INFO 7512 --- [restartedMain] o.apache.catalina.core.StandardService   : Starting service [Tomcat]
2019-03-13 11:27:43.673  INFO 7512 --- [restartedMain] org.apache.catalina.core.StandardEngine  : Starting Servlet engine: [Apache Tomcat/9.0.16]
2019-03-13 11:27:43.693  INFO 7512 --- [restartedMain] o.a.catalina.core.AprLifecycleListener   : The APR based Apache Tomcat Native library which allows optimal performance in production environments was not found on the java.library.path: [F:\java\Java\jdk1.8.0_191\bin;C:\Windows\Sun\Java\bin;C:\Windows\system32;C:\Windows;F:\java\Java\jdk1.8.0_191\bin;F:\java\apache-maven-3.6.0-bin\apache-maven-3.6.0\bin;D:\Python37\Scripts\;D:\Python37\;C:\Program Files (x86)\Common Files\Oracle\Java\javapath;C:\Windows\system32;C:\Windows;C:\Windows\System32\Wbem;C:\Windows\System32\WindowsPowerShell\v1.0\;F:\java\Java\jdk1.8.0_191\bin;F:\java\Java\jdk1.8.0_191\jre\bin;D:\adt-bundle-windows-x86_64-20140702\sdk\platform-tools;D:\Go\bin;F:\ffmpeg-20190220-7e4d3db-win64-static\bin;F:\Git\cmd;F:\cmder;C:\Users\Administrator\go\bin;F:\MySQL\MySQL Server 8.0\bin;F:\java\IntelliJ IDEA Community Edition 2018.3.5\bin;;.]
2019-03-13 11:27:43.825  INFO 7512 --- [restartedMain] o.a.c.c.C.[Tomcat].[localhost].[/]       : Initializing Spring embedded WebApplicationContext
2019-03-13 11:27:43.835  INFO 7512 --- [restartedMain] o.s.web.context.ContextLoader            : Root WebApplicationContext: initialization completed in 3485 ms
2019-03-13 11:27:44.130  INFO 7512 --- [restartedMain] com.zaxxer.hikari.HikariDataSource       : HikariPool-1 - Starting...
2019-03-13 11:27:44.788  INFO 7512 --- [restartedMain] com.zaxxer.hikari.HikariDataSource       : HikariPool-1 - Start completed.
2019-03-13 11:27:44.849  INFO 7512 --- [restartedMain] o.hibernate.jpa.internal.util.LogHelper  : HHH000204: Processing PersistenceUnitInfo [
	name: default
	...]
2019-03-13 11:27:45.016  INFO 7512 --- [restartedMain] org.hibernate.Version                    : HHH000412: Hibernate Core {5.3.7.Final}
2019-03-13 11:27:45.018  INFO 7512 --- [restartedMain] org.hibernate.cfg.Environment            : HHH000206: hibernate.properties not found
2019-03-13 11:27:45.242  INFO 7512 --- [restartedMain] o.hibernate.annotations.common.Version   : HCANN000001: Hibernate Commons Annotations {5.0.4.Final}
2019-03-13 11:27:45.450  INFO 7512 --- [restartedMain] org.hibernate.dialect.Dialect            : HHH000400: Using dialect: org.hibernate.dialect.MySQL5Dialect
2019-03-13 11:27:45.937  INFO 7512 --- [restartedMain] org.hibernate.tuple.PojoInstantiator     : HHH000182: No default (no-argument) constructor for class: com.zlx.firstSpringBoot.domain.Member (class must be instantiated by Interceptor)
2019-03-13 11:27:46.311  INFO 7512 --- [restartedMain] j.LocalContainerEntityManagerFactoryBean : Initialized JPA EntityManagerFactory for persistence unit 'default'
2019-03-13 11:27:47.103  INFO 7512 --- [restartedMain] o.s.s.concurrent.ThreadPoolTaskExecutor  : Initializing ExecutorService 'applicationTaskExecutor'
2019-03-13 11:27:47.173  WARN 7512 --- [restartedMain] aWebConfiguration$JpaWebMvcConfiguration : spring.jpa.open-in-view is enabled by default. Therefore, database queries may be performed during view rendering. Explicitly configure spring.jpa.open-in-view to disable this warning
2019-03-13 11:27:47.705  INFO 7512 --- [restartedMain] o.s.b.d.a.OptionalLiveReloadServer       : LiveReload server is running on port 35729
2019-03-13 11:27:47.769  INFO 7512 --- [restartedMain] o.s.b.w.embedded.tomcat.TomcatWebServer  : Tomcat started on port(s): 8088 (http) with context path ''
2019-03-13 11:27:47.779  INFO 7512 --- [restartedMain] c.z.f.FirstSpringBootApplication         : Started FirstSpringBootApplication in 8.164 seconds (JVM running for 8.93)
2019-03-13 11:32:51.482  INFO 7512 --- [Thread-6] o.s.s.concurrent.ThreadPoolTaskExecutor  : Shutting down ExecutorService 'applicationTaskExecutor'
2019-03-13 11:32:51.483  INFO 7512 --- [Thread-6] j.LocalContainerEntityManagerFactoryBean : Closing JPA EntityManagerFactory for persistence unit 'default'
2019-03-13 11:32:51.486  INFO 7512 --- [Thread-6] com.zaxxer.hikari.HikariDataSource       : HikariPool-1 - Shutdown initiated...
2019-03-13 11:32:51.502  INFO 7512 --- [Thread-6] com.zaxxer.hikari.HikariDataSource       : HikariPool-1 - Shutdown completed.
2019-03-13 11:32:51.814  INFO 7512 --- [restartedMain] c.z.f.FirstSpringBootApplication         : Starting FirstSpringBootApplication on Z3X9CSF9XM4HM49 with PID 7512 (D:\IdeaProjects\firstSpringBoot\target\classes started by Administrator in D:\IdeaProjects\firstSpringBoot)
2019-03-13 11:32:51.814  INFO 7512 --- [restartedMain] c.z.f.FirstSpringBootApplication         : The following profiles are active: dev
2019-03-13 11:32:52.252  INFO 7512 --- [restartedMain] .s.d.r.c.RepositoryConfigurationDelegate : Bootstrapping Spring Data repositories in DEFAULT mode.
2019-03-13 11:32:52.267  INFO 7512 --- [restartedMain] .s.d.r.c.RepositoryConfigurationDelegate : Finished Spring Data repository scanning in 14ms. Found 1 repository interfaces.
2019-03-13 11:32:52.354  INFO 7512 --- [restartedMain] trationDelegate$BeanPostProcessorChecker : Bean 'org.springframework.transaction.annotation.ProxyTransactionManagementConfiguration' of type [org.springframework.transaction.annotation.ProxyTransactionManagementConfiguration$$EnhancerBySpringCGLIB$$bfe4aded] is not eligible for getting processed by all BeanPostProcessors (for example: not eligible for auto-proxying)
2019-03-13 11:32:52.532  INFO 7512 --- [restartedMain] o.s.b.w.embedded.tomcat.TomcatWebServer  : Tomcat initialized with port(s): 8088 (http)
2019-03-13 11:32:52.534  INFO 7512 --- [restartedMain] o.apache.catalina.core.StandardService   : Starting service [Tomcat]
2019-03-13 11:32:52.535  INFO 7512 --- [restartedMain] org.apache.catalina.core.StandardEngine  : Starting Servlet engine: [Apache Tomcat/9.0.16]
2019-03-13 11:32:52.572  INFO 7512 --- [restartedMain] o.a.c.c.C.[Tomcat].[localhost].[/]       : Initializing Spring embedded WebApplicationContext
2019-03-13 11:32:52.572  INFO 7512 --- [restartedMain] o.s.web.context.ContextLoader            : Root WebApplicationContext: initialization completed in 754 ms
2019-03-13 11:32:52.730  INFO 7512 --- [restartedMain] com.zaxxer.hikari.HikariDataSource       : HikariPool-2 - Starting...
2019-03-13 11:32:52.770  INFO 7512 --- [restartedMain] com.zaxxer.hikari.HikariDataSource       : HikariPool-2 - Start completed.
2019-03-13 11:32:52.776  INFO 7512 --- [restartedMain] o.hibernate.jpa.internal.util.LogHelper  : HHH000204: Processing PersistenceUnitInfo [
	name: default
	...]
2019-03-13 11:32:52.786  INFO 7512 --- [restartedMain] org.hibernate.dialect.Dialect            : HHH000400: Using dialect: org.hibernate.dialect.MySQL5Dialect
2019-03-13 11:32:52.817  INFO 7512 --- [restartedMain] org.hibernate.tuple.PojoInstantiator     : HHH000182: No default (no-argument) constructor for class: com.zlx.firstSpringBoot.domain.Member (class must be instantiated by Interceptor)
2019-03-13 11:32:52.879  INFO 7512 --- [restartedMain] j.LocalContainerEntityManagerFactoryBean : Initialized JPA EntityManagerFactory for persistence unit 'default'
2019-03-13 11:32:53.087  INFO 7512 --- [restartedMain] o.s.s.concurrent.ThreadPoolTaskExecutor  : Initializing ExecutorService 'applicationTaskExecutor'
2019-03-13 11:32:53.096  WARN 7512 --- [restartedMain] aWebConfiguration$JpaWebMvcConfiguration : spring.jpa.open-in-view is enabled by default. Therefore, database queries may be performed during view rendering. Explicitly configure spring.jpa.open-in-view to disable this warning
2019-03-13 11:32:53.240  INFO 7512 --- [restartedMain] o.s.b.d.a.OptionalLiveReloadServer       : LiveReload server is running on port 35729
2019-03-13 11:32:53.306  INFO 7512 --- [restartedMain] o.s.b.w.embedded.tomcat.TomcatWebServer  : Tomcat started on port(s): 8088 (http) with context path ''
2019-03-13 11:32:53.333  INFO 7512 --- [restartedMain] c.z.f.FirstSpringBootApplication         : Started FirstSpringBootApplication in 1.56 seconds (JVM running for 314.471)
2019-03-13 11:32:53.340  INFO 7512 --- [restartedMain] .ConditionEvaluationDeltaLoggingListener : Condition evaluation unchanged
2019-03-13 11:33:27.116  INFO 7512 --- [Thread-10] o.s.s.concurrent.ThreadPoolTaskExecutor  : Shutting down ExecutorService 'applicationTaskExecutor'
2019-03-13 11:33:27.118  INFO 7512 --- [Thread-10] j.LocalContainerEntityManagerFactoryBean : Closing JPA EntityManagerFactory for persistence unit 'default'
2019-03-13 11:33:27.126  INFO 7512 --- [Thread-10] com.zaxxer.hikari.HikariDataSource       : HikariPool-2 - Shutdown initiated...
2019-03-13 11:33:27.145  INFO 7512 --- [Thread-10] com.zaxxer.hikari.HikariDataSource       : HikariPool-2 - Shutdown completed.
2019-03-13 11:33:27.393  INFO 7512 --- [restartedMain] c.z.f.FirstSpringBootApplication         : Starting FirstSpringBootApplication on Z3X9CSF9XM4HM49 with PID 7512 (D:\IdeaProjects\firstSpringBoot\target\classes started by Administrator in D:\IdeaProjects\firstSpringBoot)
2019-03-13 11:33:27.393  INFO 7512 --- [restartedMain] c.z.f.FirstSpringBootApplication         : The following profiles are active: dev
2019-03-13 11:33:27.648  INFO 7512 --- [restartedMain] .s.d.r.c.RepositoryConfigurationDelegate : Bootstrapping Spring Data repositories in DEFAULT mode.
2019-03-13 11:33:27.661  INFO 7512 --- [restartedMain] .s.d.r.c.RepositoryConfigurationDelegate : Finished Spring Data repository scanning in 12ms. Found 1 repository interfaces.
2019-03-13 11:33:27.729  INFO 7512 --- [restartedMain] trationDelegate$BeanPostProcessorChecker : Bean 'org.springframework.transaction.annotation.ProxyTransactionManagementConfiguration' of type [org.springframework.transaction.annotation.ProxyTransactionManagementConfiguration$$EnhancerBySpringCGLIB$$bfe4aded] is not eligible for getting processed by all BeanPostProcessors (for example: not eligible for auto-proxying)
2019-03-13 11:33:27.840  INFO 7512 --- [restartedMain] o.s.b.w.embedded.tomcat.TomcatWebServer  : Tomcat initialized with port(s): 8088 (http)
2019-03-13 11:33:27.841  INFO 7512 --- [restartedMain] o.apache.catalina.core.StandardService   : Starting service [Tomcat]
2019-03-13 11:33:27.842  INFO 7512 --- [restartedMain] org.apache.catalina.core.StandardEngine  : Starting Servlet engine: [Apache Tomcat/9.0.16]
2019-03-13 11:33:27.859  INFO 7512 --- [restartedMain] o.a.c.c.C.[Tomcat].[localhost].[/]       : Initializing Spring embedded WebApplicationContext
2019-03-13 11:33:27.860  INFO 7512 --- [restartedMain] o.s.web.context.ContextLoader            : Root WebApplicationContext: initialization completed in 464 ms
2019-03-13 11:33:27.909  INFO 7512 --- [restartedMain] com.zaxxer.hikari.HikariDataSource       : HikariPool-3 - Starting...
2019-03-13 11:33:27.931  INFO 7512 --- [restartedMain] com.zaxxer.hikari.HikariDataSource       : HikariPool-3 - Start completed.
2019-03-13 11:33:27.936  INFO 7512 --- [restartedMain] o.hibernate.jpa.internal.util.LogHelper  : HHH000204: Processing PersistenceUnitInfo [
	name: default
	...]
2019-03-13 11:33:27.942  INFO 7512 --- [restartedMain] org.hibernate.dialect.Dialect            : HHH000400: Using dialect: org.hibernate.dialect.MySQL5Dialect
2019-03-13 11:33:27.961  INFO 7512 --- [restartedMain] org.hibernate.tuple.PojoInstantiator     : HHH000182: No default (no-argument) constructor for class: com.zlx.firstSpringBoot.domain.Member (class must be instantiated by Interceptor)
2019-03-13 11:33:27.986  INFO 7512 --- [restartedMain] j.LocalContainerEntityManagerFactoryBean : Initialized JPA EntityManagerFactory for persistence unit 'default'
2019-03-13 11:33:28.149  INFO 7512 --- [restartedMain] o.s.s.concurrent.ThreadPoolTaskExecutor  : Initializing ExecutorService 'applicationTaskExecutor'
2019-03-13 11:33:28.156  WARN 7512 --- [restartedMain] aWebConfiguration$JpaWebMvcConfiguration : spring.jpa.open-in-view is enabled by default. Therefore, database queries may be performed during view rendering. Explicitly configure spring.jpa.open-in-view to disable this warning
2019-03-13 11:33:28.241  INFO 7512 --- [restartedMain] o.s.b.d.a.OptionalLiveReloadServer       : LiveReload server is running on port 35729
2019-03-13 11:33:28.262  INFO 7512 --- [restartedMain] o.s.b.w.embedded.tomcat.TomcatWebServer  : Tomcat started on port(s): 8088 (http) with context path ''
2019-03-13 11:33:28.263  INFO 7512 --- [restartedMain] c.z.f.FirstSpringBootApplication         : Started FirstSpringBootApplication in 0.897 seconds (JVM running for 349.4)
2019-03-13 11:33:28.264  INFO 7512 --- [restartedMain] .ConditionEvaluationDeltaLoggingListener : Condition evaluation unchanged
2019-03-13 11:35:13.820  INFO 7512 --- [Thread-16] o.s.s.concurrent.ThreadPoolTaskExecutor  : Shutting down ExecutorService 'applicationTaskExecutor'
2019-03-13 11:35:13.822  INFO 7512 --- [Thread-16] j.LocalContainerEntityManagerFactoryBean : Closing JPA EntityManagerFactory for persistence unit 'default'
2019-03-13 11:35:13.823  INFO 7512 --- [Thread-16] com.zaxxer.hikari.HikariDataSource       : HikariPool-3 - Shutdown initiated...
2019-03-13 11:35:13.837  INFO 7512 --- [Thread-16] com.zaxxer.hikari.HikariDataSource       : HikariPool-3 - Shutdown completed.
2019-03-13 11:35:14.316  INFO 7512 --- [restartedMain] c.z.f.FirstSpringBootApplication         : Starting FirstSpringBootApplication on Z3X9CSF9XM4HM49 with PID 7512 (D:\IdeaProjects\firstSpringBoot\target\classes started by Administrator in D:\IdeaProjects\firstSpringBoot)
2019-03-13 11:35:14.317  INFO 7512 --- [restartedMain] c.z.f.FirstSpringBootApplication         : The following profiles are active: dev
2019-03-13 11:35:14.622  INFO 7512 --- [restartedMain] .s.d.r.c.RepositoryConfigurationDelegate : Bootstrapping Spring Data repositories in DEFAULT mode.
2019-03-13 11:35:14.634  INFO 7512 --- [restartedMain] .s.d.r.c.RepositoryConfigurationDelegate : Finished Spring Data repository scanning in 11ms. Found 1 repository interfaces.
2019-03-13 11:35:14.708  INFO 7512 --- [restartedMain] trationDelegate$BeanPostProcessorChecker : Bean 'org.springframework.transaction.annotation.ProxyTransactionManagementConfiguration' of type [org.springframework.transaction.annotation.ProxyTransactionManagementConfiguration$$EnhancerBySpringCGLIB$$bfe4aded] is not eligible for getting processed by all BeanPostProcessors (for example: not eligible for auto-proxying)
2019-03-13 11:35:14.800  INFO 7512 --- [restartedMain] o.s.b.w.embedded.tomcat.TomcatWebServer  : Tomcat initialized with port(s): 8088 (http)
2019-03-13 11:35:14.801  INFO 7512 --- [restartedMain] o.apache.catalina.core.StandardService   : Starting service [Tomcat]
2019-03-13 11:35:14.801  INFO 7512 --- [restartedMain] org.apache.catalina.core.StandardEngine  : Starting Servlet engine: [Apache Tomcat/9.0.16]
2019-03-13 11:35:14.819  INFO 7512 --- [restartedMain] o.a.c.c.C.[Tomcat].[localhost].[/]       : Initializing Spring embedded WebApplicationContext
2019-03-13 11:35:14.820  INFO 7512 --- [restartedMain] o.s.web.context.ContextLoader            : Root WebApplicationContext: initialization completed in 500 ms
2019-03-13 11:35:14.883  INFO 7512 --- [restartedMain] com.zaxxer.hikari.HikariDataSource       : HikariPool-4 - Starting...
2019-03-13 11:35:14.904  INFO 7512 --- [restartedMain] com.zaxxer.hikari.HikariDataSource       : HikariPool-4 - Start completed.
2019-03-13 11:35:14.908  INFO 7512 --- [restartedMain] o.hibernate.jpa.internal.util.LogHelper  : HHH000204: Processing PersistenceUnitInfo [
	name: default
	...]
2019-03-13 11:35:14.913  INFO 7512 --- [restartedMain] org.hibernate.dialect.Dialect            : HHH000400: Using dialect: org.hibernate.dialect.MySQL5Dialect
2019-03-13 11:35:14.931  INFO 7512 --- [restartedMain] org.hibernate.tuple.PojoInstantiator     : HHH000182: No default (no-argument) constructor for class: com.zlx.firstSpringBoot.domain.Member (class must be instantiated by Interceptor)
2019-03-13 11:35:14.954  INFO 7512 --- [restartedMain] j.LocalContainerEntityManagerFactoryBean : Initialized JPA EntityManagerFactory for persistence unit 'default'
2019-03-13 11:35:15.072  INFO 7512 --- [restartedMain] o.s.s.concurrent.ThreadPoolTaskExecutor  : Initializing ExecutorService 'applicationTaskExecutor'
2019-03-13 11:35:15.079  WARN 7512 --- [restartedMain] aWebConfiguration$JpaWebMvcConfiguration : spring.jpa.open-in-view is enabled by default. Therefore, database queries may be performed during view rendering. Explicitly configure spring.jpa.open-in-view to disable this warning
2019-03-13 11:35:15.191  INFO 7512 --- [restartedMain] o.s.b.d.a.OptionalLiveReloadServer       : LiveReload server is running on port 35729
2019-03-13 11:35:15.216  INFO 7512 --- [restartedMain] o.s.b.w.embedded.tomcat.TomcatWebServer  : Tomcat started on port(s): 8088 (http) with context path ''
2019-03-13 11:35:15.216  INFO 7512 --- [restartedMain] c.z.f.FirstSpringBootApplication         : Started FirstSpringBootApplication in 0.943 seconds (JVM running for 456.35)
2019-03-13 11:35:15.218  INFO 7512 --- [restartedMain] .ConditionEvaluationDeltaLoggingListener : Condition evaluation unchanged
2019-03-13 11:36:15.697  INFO 7512 --- [Thread-22] o.s.s.concurrent.ThreadPoolTaskExecutor  : Shutting down ExecutorService 'applicationTaskExecutor'
2019-03-13 11:36:15.699  INFO 7512 --- [Thread-22] j.LocalContainerEntityManagerFactoryBean : Closing JPA EntityManagerFactory for persistence unit 'default'
2019-03-13 11:36:15.700  INFO 7512 --- [Thread-22] com.zaxxer.hikari.HikariDataSource       : HikariPool-4 - Shutdown initiated...
2019-03-13 11:36:15.710  INFO 7512 --- [Thread-22] com.zaxxer.hikari.HikariDataSource       : HikariPool-4 - Shutdown completed.
2019-03-13 11:36:15.911  INFO 7512 --- [restartedMain] c.z.f.FirstSpringBootApplication         : Starting FirstSpringBootApplication on Z3X9CSF9XM4HM49 with PID 7512 (D:\IdeaProjects\firstSpringBoot\target\classes started by Administrator in D:\IdeaProjects\firstSpringBoot)
2019-03-13 11:36:15.912  INFO 7512 --- [restartedMain] c.z.f.FirstSpringBootApplication         : The following profiles are active: dev
2019-03-13 11:36:16.156  INFO 7512 --- [restartedMain] .s.d.r.c.RepositoryConfigurationDelegate : Bootstrapping Spring Data repositories in DEFAULT mode.
2019-03-13 11:36:16.171  INFO 7512 --- [restartedMain] .s.d.r.c.RepositoryConfigurationDelegate : Finished Spring Data repository scanning in 14ms. Found 1 repository interfaces.
2019-03-13 11:36:16.231  INFO 7512 --- [restartedMain] trationDelegate$BeanPostProcessorChecker : Bean 'org.springframework.transaction.annotation.ProxyTransactionManagementConfiguration' of type [org.springframework.transaction.annotation.ProxyTransactionManagementConfiguration$$EnhancerBySpringCGLIB$$bfe4aded] is not eligible for getting processed by all BeanPostProcessors (for example: not eligible for auto-proxying)
2019-03-13 11:36:16.324  INFO 7512 --- [restartedMain] o.s.b.w.embedded.tomcat.TomcatWebServer  : Tomcat initialized with port(s): 8088 (http)
2019-03-13 11:36:16.326  INFO 7512 --- [restartedMain] o.apache.catalina.core.StandardService   : Starting service [Tomcat]
2019-03-13 11:36:16.326  INFO 7512 --- [restartedMain] org.apache.catalina.core.StandardEngine  : Starting Servlet engine: [Apache Tomcat/9.0.16]
2019-03-13 11:36:16.344  INFO 7512 --- [restartedMain] o.a.c.c.C.[Tomcat].[localhost].[/]       : Initializing Spring embedded WebApplicationContext
2019-03-13 11:36:16.344  INFO 7512 --- [restartedMain] o.s.web.context.ContextLoader            : Root WebApplicationContext: initialization completed in 431 ms
2019-03-13 11:36:16.400  INFO 7512 --- [restartedMain] com.zaxxer.hikari.HikariDataSource       : HikariPool-5 - Starting...
2019-03-13 11:36:16.420  INFO 7512 --- [restartedMain] com.zaxxer.hikari.HikariDataSource       : HikariPool-5 - Start completed.
2019-03-13 11:36:16.426  INFO 7512 --- [restartedMain] o.hibernate.jpa.internal.util.LogHelper  : HHH000204: Processing PersistenceUnitInfo [
	name: default
	...]
2019-03-13 11:36:16.436  INFO 7512 --- [restartedMain] org.hibernate.dialect.Dialect            : HHH000400: Using dialect: org.hibernate.dialect.MySQL5Dialect
2019-03-13 11:36:16.460  INFO 7512 --- [restartedMain] org.hibernate.tuple.PojoInstantiator     : HHH000182: No default (no-argument) constructor for class: com.zlx.firstSpringBoot.domain.Member (class must be instantiated by Interceptor)
2019-03-13 11:36:16.500  INFO 7512 --- [restartedMain] j.LocalContainerEntityManagerFactoryBean : Initialized JPA EntityManagerFactory for persistence unit 'default'
2019-03-13 11:36:16.646  INFO 7512 --- [restartedMain] o.s.s.concurrent.ThreadPoolTaskExecutor  : Initializing ExecutorService 'applicationTaskExecutor'
2019-03-13 11:36:16.651  WARN 7512 --- [restartedMain] aWebConfiguration$JpaWebMvcConfiguration : spring.jpa.open-in-view is enabled by default. Therefore, database queries may be performed during view rendering. Explicitly configure spring.jpa.open-in-view to disable this warning
2019-03-13 11:36:16.763  INFO 7512 --- [restartedMain] o.s.b.d.a.OptionalLiveReloadServer       : LiveReload server is running on port 35729
2019-03-13 11:36:16.790  INFO 7512 --- [restartedMain] o.s.b.w.embedded.tomcat.TomcatWebServer  : Tomcat started on port(s): 8088 (http) with context path ''
2019-03-13 11:36:16.791  INFO 7512 --- [restartedMain] c.z.f.FirstSpringBootApplication         : Started FirstSpringBootApplication in 0.902 seconds (JVM running for 517.922)
2019-03-13 11:36:16.794  INFO 7512 --- [restartedMain] .ConditionEvaluationDeltaLoggingListener : Condition evaluation unchanged
2019-03-13 11:41:53.772  INFO 7512 --- [Thread-28] o.s.s.concurrent.ThreadPoolTaskExecutor  : Shutting down ExecutorService 'applicationTaskExecutor'
2019-03-13 11:41:53.772  INFO 7512 --- [Thread-28] j.LocalContainerEntityManagerFactoryBean : Closing JPA EntityManagerFactory for persistence unit 'default'
2019-03-13 11:41:53.772  INFO 7512 --- [Thread-28] com.zaxxer.hikari.HikariDataSource       : HikariPool-5 - Shutdown initiated...
2019-03-13 11:41:53.802  INFO 7512 --- [Thread-28] com.zaxxer.hikari.HikariDataSource       : HikariPool-5 - Shutdown completed.
2019-03-13 11:41:54.206  INFO 7512 --- [restartedMain] c.z.f.FirstSpringBootApplication         : Starting FirstSpringBootApplication on Z3X9CSF9XM4HM49 with PID 7512 (D:\IdeaProjects\firstSpringBoot\target\classes started by Administrator in D:\IdeaProjects\firstSpringBoot)
2019-03-13 11:41:54.206  INFO 7512 --- [restartedMain] c.z.f.FirstSpringBootApplication         : The following profiles are active: dev
2019-03-13 11:41:54.673  INFO 7512 --- [restartedMain] .s.d.r.c.RepositoryConfigurationDelegate : Bootstrapping Spring Data repositories in DEFAULT mode.
2019-03-13 11:41:54.693  INFO 7512 --- [restartedMain] .s.d.r.c.RepositoryConfigurationDelegate : Finished Spring Data repository scanning in 20ms. Found 1 repository interfaces.
2019-03-13 11:41:54.771  INFO 7512 --- [restartedMain] trationDelegate$BeanPostProcessorChecker : Bean 'org.springframework.transaction.annotation.ProxyTransactionManagementConfiguration' of type [org.springframework.transaction.annotation.ProxyTransactionManagementConfiguration$$EnhancerBySpringCGLIB$$bfe4aded] is not eligible for getting processed by all BeanPostProcessors (for example: not eligible for auto-proxying)
2019-03-13 11:41:54.898  INFO 7512 --- [restartedMain] o.s.b.w.embedded.tomcat.TomcatWebServer  : Tomcat initialized with port(s): 8088 (http)
2019-03-13 11:41:54.898  INFO 7512 --- [restartedMain] o.apache.catalina.core.StandardService   : Starting service [Tomcat]
2019-03-13 11:41:54.898  INFO 7512 --- [restartedMain] org.apache.catalina.core.StandardEngine  : Starting Servlet engine: [Apache Tomcat/9.0.16]
2019-03-13 11:41:54.925  INFO 7512 --- [restartedMain] o.a.c.c.C.[Tomcat].[localhost].[/]       : Initializing Spring embedded WebApplicationContext
2019-03-13 11:41:54.925  INFO 7512 --- [restartedMain] o.s.web.context.ContextLoader            : Root WebApplicationContext: initialization completed in 719 ms
2019-03-13 11:41:54.990  INFO 7512 --- [restartedMain] com.zaxxer.hikari.HikariDataSource       : HikariPool-6 - Starting...
2019-03-13 11:41:55.024  INFO 7512 --- [restartedMain] com.zaxxer.hikari.HikariDataSource       : HikariPool-6 - Start completed.
2019-03-13 11:41:55.037  INFO 7512 --- [restartedMain] o.hibernate.jpa.internal.util.LogHelper  : HHH000204: Processing PersistenceUnitInfo [
	name: default
	...]
2019-03-13 11:41:55.064  INFO 7512 --- [restartedMain] org.hibernate.dialect.Dialect            : HHH000400: Using dialect: org.hibernate.dialect.MySQL5Dialect
2019-03-13 11:41:55.102  INFO 7512 --- [restartedMain] org.hibernate.tuple.PojoInstantiator     : HHH000182: No default (no-argument) constructor for class: com.zlx.firstSpringBoot.domain.Member (class must be instantiated by Interceptor)
2019-03-13 11:41:55.162  INFO 7512 --- [restartedMain] j.LocalContainerEntityManagerFactoryBean : Initialized JPA EntityManagerFactory for persistence unit 'default'
2019-03-13 11:41:55.333  INFO 7512 --- [restartedMain] o.s.s.concurrent.ThreadPoolTaskExecutor  : Initializing ExecutorService 'applicationTaskExecutor'
2019-03-13 11:41:55.335  WARN 7512 --- [restartedMain] aWebConfiguration$JpaWebMvcConfiguration : spring.jpa.open-in-view is enabled by default. Therefore, database queries may be performed during view rendering. Explicitly configure spring.jpa.open-in-view to disable this warning
2019-03-13 11:41:55.425  INFO 7512 --- [restartedMain] o.s.b.d.a.OptionalLiveReloadServer       : LiveReload server is running on port 35729
2019-03-13 11:41:55.445  INFO 7512 --- [restartedMain] o.s.b.w.embedded.tomcat.TomcatWebServer  : Tomcat started on port(s): 8088 (http) with context path ''
2019-03-13 11:41:55.445  INFO 7512 --- [restartedMain] c.z.f.FirstSpringBootApplication         : Started FirstSpringBootApplication in 1.279 seconds (JVM running for 856.57)
2019-03-13 11:41:55.445  INFO 7512 --- [restartedMain] .ConditionEvaluationDeltaLoggingListener : Condition evaluation unchanged
2019-03-13 11:42:08.922  INFO 8216 --- [restartedMain] c.z.f.FirstSpringBootApplication         : Starting FirstSpringBootApplication on Z3X9CSF9XM4HM49 with PID 8216 (D:\IdeaProjects\firstSpringBoot\target\classes started by Administrator in D:\IdeaProjects\firstSpringBoot)
2019-03-13 11:42:08.922  INFO 8216 --- [restartedMain] c.z.f.FirstSpringBootApplication         : The following profiles are active: dev
2019-03-13 11:42:08.979  INFO 8216 --- [restartedMain] .e.DevToolsPropertyDefaultsPostProcessor : Devtools property defaults active! Set 'spring.devtools.add-properties' to 'false' to disable
2019-03-13 11:42:08.979  INFO 8216 --- [restartedMain] .e.DevToolsPropertyDefaultsPostProcessor : For additional web related logging consider setting the 'logging.level.web' property to 'DEBUG'
2019-03-13 11:42:10.062  INFO 8216 --- [restartedMain] .s.d.r.c.RepositoryConfigurationDelegate : Bootstrapping Spring Data repositories in DEFAULT mode.
2019-03-13 11:42:10.208  INFO 8216 --- [restartedMain] .s.d.r.c.RepositoryConfigurationDelegate : Finished Spring Data repository scanning in 136ms. Found 1 repository interfaces.
2019-03-13 11:42:10.730  INFO 8216 --- [restartedMain] trationDelegate$BeanPostProcessorChecker : Bean 'org.springframework.transaction.annotation.ProxyTransactionManagementConfiguration' of type [org.springframework.transaction.annotation.ProxyTransactionManagementConfiguration$$EnhancerBySpringCGLIB$$590ee0c5] is not eligible for getting processed by all BeanPostProcessors (for example: not eligible for auto-proxying)
2019-03-13 11:42:11.595  INFO 8216 --- [restartedMain] o.s.b.w.embedded.tomcat.TomcatWebServer  : Tomcat initialized with port(s): 8088 (http)
2019-03-13 11:42:11.642  INFO 8216 --- [restartedMain] o.apache.catalina.core.StandardService   : Starting service [Tomcat]
2019-03-13 11:42:11.642  INFO 8216 --- [restartedMain] org.apache.catalina.core.StandardEngine  : Starting Servlet engine: [Apache Tomcat/9.0.16]
2019-03-13 11:42:11.662  INFO 8216 --- [restartedMain] o.a.catalina.core.AprLifecycleListener   : The APR based Apache Tomcat Native library which allows optimal performance in production environments was not found on the java.library.path: [F:\java\Java\jdk1.8.0_191\bin;C:\Windows\Sun\Java\bin;C:\Windows\system32;C:\Windows;F:\java\Java\jdk1.8.0_191\bin;F:\java\apache-maven-3.6.0-bin\apache-maven-3.6.0\bin;D:\Python37\Scripts\;D:\Python37\;C:\Program Files (x86)\Common Files\Oracle\Java\javapath;C:\Windows\system32;C:\Windows;C:\Windows\System32\Wbem;C:\Windows\System32\WindowsPowerShell\v1.0\;F:\java\Java\jdk1.8.0_191\bin;F:\java\Java\jdk1.8.0_191\jre\bin;D:\adt-bundle-windows-x86_64-20140702\sdk\platform-tools;D:\Go\bin;F:\ffmpeg-20190220-7e4d3db-win64-static\bin;F:\Git\cmd;F:\cmder;C:\Users\Administrator\go\bin;F:\MySQL\MySQL Server 8.0\bin;F:\java\IntelliJ IDEA Community Edition 2018.3.5\bin;;.]
2019-03-13 11:42:11.829  INFO 8216 --- [restartedMain] o.a.c.c.C.[Tomcat].[localhost].[/]       : Initializing Spring embedded WebApplicationContext
2019-03-13 11:42:11.829  INFO 8216 --- [restartedMain] o.s.web.context.ContextLoader            : Root WebApplicationContext: initialization completed in 2850 ms
2019-03-13 11:42:12.156  INFO 8216 --- [restartedMain] com.zaxxer.hikari.HikariDataSource       : HikariPool-1 - Starting...
2019-03-13 11:42:12.645  INFO 8216 --- [restartedMain] com.zaxxer.hikari.HikariDataSource       : HikariPool-1 - Start completed.
2019-03-13 11:42:12.696  INFO 8216 --- [restartedMain] o.hibernate.jpa.internal.util.LogHelper  : HHH000204: Processing PersistenceUnitInfo [
	name: default
	...]
2019-03-13 11:42:12.764  INFO 8216 --- [restartedMain] org.hibernate.Version                    : HHH000412: Hibernate Core {5.3.7.Final}
2019-03-13 11:42:12.764  INFO 8216 --- [restartedMain] org.hibernate.cfg.Environment            : HHH000206: hibernate.properties not found
2019-03-13 11:42:12.972  INFO 8216 --- [restartedMain] o.hibernate.annotations.common.Version   : HCANN000001: Hibernate Commons Annotations {5.0.4.Final}
2019-03-13 11:42:13.151  INFO 8216 --- [restartedMain] org.hibernate.dialect.Dialect            : HHH000400: Using dialect: org.hibernate.dialect.MySQL5Dialect
2019-03-13 11:42:13.548  INFO 8216 --- [restartedMain] org.hibernate.tuple.PojoInstantiator     : HHH000182: No default (no-argument) constructor for class: com.zlx.firstSpringBoot.domain.Member (class must be instantiated by Interceptor)
2019-03-13 11:42:13.852  INFO 8216 --- [restartedMain] j.LocalContainerEntityManagerFactoryBean : Initialized JPA EntityManagerFactory for persistence unit 'default'
2019-03-13 11:42:14.566  INFO 8216 --- [restartedMain] o.s.s.concurrent.ThreadPoolTaskExecutor  : Initializing ExecutorService 'applicationTaskExecutor'
2019-03-13 11:42:14.633  WARN 8216 --- [restartedMain] aWebConfiguration$JpaWebMvcConfiguration : spring.jpa.open-in-view is enabled by default. Therefore, database queries may be performed during view rendering. Explicitly configure spring.jpa.open-in-view to disable this warning
2019-03-13 11:42:15.150  INFO 8216 --- [restartedMain] o.s.b.d.a.OptionalLiveReloadServer       : LiveReload server is running on port 35729
2019-03-13 11:42:15.237  INFO 8216 --- [restartedMain] o.s.b.w.embedded.tomcat.TomcatWebServer  : Tomcat started on port(s): 8088 (http) with context path ''
2019-03-13 11:42:15.237  INFO 8216 --- [restartedMain] c.z.f.FirstSpringBootApplication         : Started FirstSpringBootApplication in 6.923 seconds (JVM running for 7.682)
2019-03-13 11:58:05.511  INFO 8216 --- [Thread-6] o.s.s.concurrent.ThreadPoolTaskExecutor  : Shutting down ExecutorService 'applicationTaskExecutor'
2019-03-13 11:58:05.514  INFO 8216 --- [Thread-6] j.LocalContainerEntityManagerFactoryBean : Closing JPA EntityManagerFactory for persistence unit 'default'
2019-03-13 11:58:05.517  INFO 8216 --- [Thread-6] com.zaxxer.hikari.HikariDataSource       : HikariPool-1 - Shutdown initiated...
2019-03-13 11:58:05.534  INFO 8216 --- [Thread-6] com.zaxxer.hikari.HikariDataSource       : HikariPool-1 - Shutdown completed.
2019-03-13 11:58:05.804  INFO 8216 --- [restartedMain] c.z.f.FirstSpringBootApplication         : Starting FirstSpringBootApplication on Z3X9CSF9XM4HM49 with PID 8216 (D:\IdeaProjects\firstSpringBoot\target\classes started by Administrator in D:\IdeaProjects\firstSpringBoot)
2019-03-13 11:58:05.805  INFO 8216 --- [restartedMain] c.z.f.FirstSpringBootApplication         : The following profiles are active: dev
2019-03-13 11:58:06.291  INFO 8216 --- [restartedMain] .s.d.r.c.RepositoryConfigurationDelegate : Bootstrapping Spring Data repositories in DEFAULT mode.
2019-03-13 11:58:06.308  INFO 8216 --- [restartedMain] .s.d.r.c.RepositoryConfigurationDelegate : Finished Spring Data repository scanning in 16ms. Found 1 repository interfaces.
2019-03-13 11:58:06.406  INFO 8216 --- [restartedMain] trationDelegate$BeanPostProcessorChecker : Bean 'org.springframework.transaction.annotation.ProxyTransactionManagementConfiguration' of type [org.springframework.transaction.annotation.ProxyTransactionManagementConfiguration$$EnhancerBySpringCGLIB$$590ee0c5] is not eligible for getting processed by all BeanPostProcessors (for example: not eligible for auto-proxying)
2019-03-13 11:58:06.555  INFO 8216 --- [restartedMain] o.s.b.w.embedded.tomcat.TomcatWebServer  : Tomcat initialized with port(s): 8088 (http)
2019-03-13 11:58:06.556  INFO 8216 --- [restartedMain] o.apache.catalina.core.StandardService   : Starting service [Tomcat]
2019-03-13 11:58:06.557  INFO 8216 --- [restartedMain] org.apache.catalina.core.StandardEngine  : Starting Servlet engine: [Apache Tomcat/9.0.16]
2019-03-13 11:58:06.576  INFO 8216 --- [restartedMain] o.a.c.c.C.[Tomcat].[localhost].[/]       : Initializing Spring embedded WebApplicationContext
2019-03-13 11:58:06.576  INFO 8216 --- [restartedMain] o.s.web.context.ContextLoader            : Root WebApplicationContext: initialization completed in 768 ms
2019-03-13 11:58:06.625  INFO 8216 --- [restartedMain] com.zaxxer.hikari.HikariDataSource       : HikariPool-2 - Starting...
2019-03-13 11:58:06.644  INFO 8216 --- [restartedMain] com.zaxxer.hikari.HikariDataSource       : HikariPool-2 - Start completed.
2019-03-13 11:58:06.647  INFO 8216 --- [restartedMain] o.hibernate.jpa.internal.util.LogHelper  : HHH000204: Processing PersistenceUnitInfo [
	name: default
	...]
2019-03-13 11:58:06.657  INFO 8216 --- [restartedMain] org.hibernate.dialect.Dialect            : HHH000400: Using dialect: org.hibernate.dialect.MySQL5Dialect
2019-03-13 11:58:06.677  INFO 8216 --- [restartedMain] org.hibernate.tuple.PojoInstantiator     : HHH000182: No default (no-argument) constructor for class: com.zlx.firstSpringBoot.domain.Member (class must be instantiated by Interceptor)
2019-03-13 11:58:06.705  INFO 8216 --- [restartedMain] j.LocalContainerEntityManagerFactoryBean : Initialized JPA EntityManagerFactory for persistence unit 'default'
2019-03-13 11:58:06.889  INFO 8216 --- [restartedMain] o.s.s.concurrent.ThreadPoolTaskExecutor  : Initializing ExecutorService 'applicationTaskExecutor'
2019-03-13 11:58:06.900  WARN 8216 --- [restartedMain] aWebConfiguration$JpaWebMvcConfiguration : spring.jpa.open-in-view is enabled by default. Therefore, database queries may be performed during view rendering. Explicitly configure spring.jpa.open-in-view to disable this warning
2019-03-13 11:58:07.008  INFO 8216 --- [restartedMain] o.s.b.d.a.OptionalLiveReloadServer       : LiveReload server is running on port 35729
2019-03-13 11:58:07.037  INFO 8216 --- [restartedMain] o.s.b.w.embedded.tomcat.TomcatWebServer  : Tomcat started on port(s): 8088 (http) with context path ''
2019-03-13 11:58:07.038  INFO 8216 --- [restartedMain] c.z.f.FirstSpringBootApplication         : Started FirstSpringBootApplication in 1.269 seconds (JVM running for 959.449)
2019-03-13 11:58:07.041  INFO 8216 --- [restartedMain] .ConditionEvaluationDeltaLoggingListener : Condition evaluation unchanged
2019-03-13 11:58:54.900  INFO 8216 --- [Thread-10] o.s.s.concurrent.ThreadPoolTaskExecutor  : Shutting down ExecutorService 'applicationTaskExecutor'
2019-03-13 11:58:54.913  INFO 8216 --- [Thread-10] j.LocalContainerEntityManagerFactoryBean : Closing JPA EntityManagerFactory for persistence unit 'default'
2019-03-13 11:58:54.916  INFO 8216 --- [Thread-10] com.zaxxer.hikari.HikariDataSource       : HikariPool-2 - Shutdown initiated...
2019-03-13 11:58:54.933  INFO 8216 --- [Thread-10] com.zaxxer.hikari.HikariDataSource       : HikariPool-2 - Shutdown completed.
2019-03-13 11:58:55.201  INFO 8216 --- [restartedMain] c.z.f.FirstSpringBootApplication         : Starting FirstSpringBootApplication on Z3X9CSF9XM4HM49 with PID 8216 (D:\IdeaProjects\firstSpringBoot\target\classes started by Administrator in D:\IdeaProjects\firstSpringBoot)
2019-03-13 11:58:55.202  INFO 8216 --- [restartedMain] c.z.f.FirstSpringBootApplication         : The following profiles are active: dev
2019-03-13 11:58:55.400  INFO 8216 --- [restartedMain] .s.d.r.c.RepositoryConfigurationDelegate : Bootstrapping Spring Data repositories in DEFAULT mode.
2019-03-13 11:58:55.412  INFO 8216 --- [restartedMain] .s.d.r.c.RepositoryConfigurationDelegate : Finished Spring Data repository scanning in 12ms. Found 1 repository interfaces.
2019-03-13 11:58:55.463  INFO 8216 --- [restartedMain] trationDelegate$BeanPostProcessorChecker : Bean 'org.springframework.transaction.annotation.ProxyTransactionManagementConfiguration' of type [org.springframework.transaction.annotation.ProxyTransactionManagementConfiguration$$EnhancerBySpringCGLIB$$590ee0c5] is not eligible for getting processed by all BeanPostProcessors (for example: not eligible for auto-proxying)
2019-03-13 11:58:55.553  INFO 8216 --- [restartedMain] o.s.b.w.embedded.tomcat.TomcatWebServer  : Tomcat initialized with port(s): 8088 (http)
2019-03-13 11:58:55.554  INFO 8216 --- [restartedMain] o.apache.catalina.core.StandardService   : Starting service [Tomcat]
2019-03-13 11:58:55.554  INFO 8216 --- [restartedMain] org.apache.catalina.core.StandardEngine  : Starting Servlet engine: [Apache Tomcat/9.0.16]
2019-03-13 11:58:55.571  INFO 8216 --- [restartedMain] o.a.c.c.C.[Tomcat].[localhost].[/]       : Initializing Spring embedded WebApplicationContext
2019-03-13 11:58:55.571  INFO 8216 --- [restartedMain] o.s.web.context.ContextLoader            : Root WebApplicationContext: initialization completed in 367 ms
2019-03-13 11:58:55.622  INFO 8216 --- [restartedMain] com.zaxxer.hikari.HikariDataSource       : HikariPool-3 - Starting...
2019-03-13 11:58:55.649  INFO 8216 --- [restartedMain] com.zaxxer.hikari.HikariDataSource       : HikariPool-3 - Start completed.
2019-03-13 11:58:55.653  INFO 8216 --- [restartedMain] o.hibernate.jpa.internal.util.LogHelper  : HHH000204: Processing PersistenceUnitInfo [
	name: default
	...]
2019-03-13 11:58:55.660  INFO 8216 --- [restartedMain] org.hibernate.dialect.Dialect            : HHH000400: Using dialect: org.hibernate.dialect.MySQL5Dialect
2019-03-13 11:58:55.683  INFO 8216 --- [restartedMain] org.hibernate.tuple.PojoInstantiator     : HHH000182: No default (no-argument) constructor for class: com.zlx.firstSpringBoot.domain.Member (class must be instantiated by Interceptor)
2019-03-13 11:58:55.724  INFO 8216 --- [restartedMain] j.LocalContainerEntityManagerFactoryBean : Initialized JPA EntityManagerFactory for persistence unit 'default'
2019-03-13 11:58:55.879  INFO 8216 --- [restartedMain] o.s.s.concurrent.ThreadPoolTaskExecutor  : Initializing ExecutorService 'applicationTaskExecutor'
2019-03-13 11:58:55.887  WARN 8216 --- [restartedMain] aWebConfiguration$JpaWebMvcConfiguration : spring.jpa.open-in-view is enabled by default. Therefore, database queries may be performed during view rendering. Explicitly configure spring.jpa.open-in-view to disable this warning
2019-03-13 11:58:55.961  INFO 8216 --- [restartedMain] o.s.b.d.a.OptionalLiveReloadServer       : LiveReload server is running on port 35729
2019-03-13 11:58:55.981  INFO 8216 --- [restartedMain] o.s.b.w.embedded.tomcat.TomcatWebServer  : Tomcat started on port(s): 8088 (http) with context path ''
2019-03-13 11:58:55.982  INFO 8216 --- [restartedMain] c.z.f.FirstSpringBootApplication         : Started FirstSpringBootApplication in 0.804 seconds (JVM running for 1008.391)
2019-03-13 11:58:55.983  INFO 8216 --- [restartedMain] .ConditionEvaluationDeltaLoggingListener : Condition evaluation unchanged
2019-03-13 12:00:38.490  INFO 8216 --- [Thread-16] o.s.s.concurrent.ThreadPoolTaskExecutor  : Shutting down ExecutorService 'applicationTaskExecutor'
2019-03-13 12:00:38.491  INFO 8216 --- [Thread-16] j.LocalContainerEntityManagerFactoryBean : Closing JPA EntityManagerFactory for persistence unit 'default'
2019-03-13 12:00:38.492  INFO 8216 --- [Thread-16] com.zaxxer.hikari.HikariDataSource       : HikariPool-3 - Shutdown initiated...
2019-03-13 12:00:38.499  INFO 8216 --- [Thread-16] com.zaxxer.hikari.HikariDataSource       : HikariPool-3 - Shutdown completed.
2019-03-13 12:00:38.742  INFO 8216 --- [restartedMain] c.z.f.FirstSpringBootApplication         : Starting FirstSpringBootApplication on Z3X9CSF9XM4HM49 with PID 8216 (D:\IdeaProjects\firstSpringBoot\target\classes started by Administrator in D:\IdeaProjects\firstSpringBoot)
2019-03-13 12:00:38.742  INFO 8216 --- [restartedMain] c.z.f.FirstSpringBootApplication         : The following profiles are active: dev
2019-03-13 12:00:38.966  INFO 8216 --- [restartedMain] .s.d.r.c.RepositoryConfigurationDelegate : Bootstrapping Spring Data repositories in DEFAULT mode.
2019-03-13 12:00:38.978  INFO 8216 --- [restartedMain] .s.d.r.c.RepositoryConfigurationDelegate : Finished Spring Data repository scanning in 12ms. Found 1 repository interfaces.
2019-03-13 12:00:39.047  INFO 8216 --- [restartedMain] trationDelegate$BeanPostProcessorChecker : Bean 'org.springframework.transaction.annotation.ProxyTransactionManagementConfiguration' of type [org.springframework.transaction.annotation.ProxyTransactionManagementConfiguration$$EnhancerBySpringCGLIB$$590ee0c5] is not eligible for getting processed by all BeanPostProcessors (for example: not eligible for auto-proxying)
2019-03-13 12:00:39.142  INFO 8216 --- [restartedMain] o.s.b.w.embedded.tomcat.TomcatWebServer  : Tomcat initialized with port(s): 8088 (http)
2019-03-13 12:00:39.144  INFO 8216 --- [restartedMain] o.apache.catalina.core.StandardService   : Starting service [Tomcat]
2019-03-13 12:00:39.144  INFO 8216 --- [restartedMain] org.apache.catalina.core.StandardEngine  : Starting Servlet engine: [Apache Tomcat/9.0.16]
2019-03-13 12:00:39.157  INFO 8216 --- [restartedMain] o.a.c.c.C.[Tomcat].[localhost].[/]       : Initializing Spring embedded WebApplicationContext
2019-03-13 12:00:39.157  INFO 8216 --- [restartedMain] o.s.web.context.ContextLoader            : Root WebApplicationContext: initialization completed in 415 ms
2019-03-13 12:00:39.239  INFO 8216 --- [restartedMain] com.zaxxer.hikari.HikariDataSource       : HikariPool-4 - Starting...
2019-03-13 12:00:39.255  INFO 8216 --- [restartedMain] com.zaxxer.hikari.HikariDataSource       : HikariPool-4 - Start completed.
2019-03-13 12:00:39.259  INFO 8216 --- [restartedMain] o.hibernate.jpa.internal.util.LogHelper  : HHH000204: Processing PersistenceUnitInfo [
	name: default
	...]
2019-03-13 12:00:39.267  INFO 8216 --- [restartedMain] org.hibernate.dialect.Dialect            : HHH000400: Using dialect: org.hibernate.dialect.MySQL5Dialect
2019-03-13 12:00:39.289  INFO 8216 --- [restartedMain] org.hibernate.tuple.PojoInstantiator     : HHH000182: No default (no-argument) constructor for class: com.zlx.firstSpringBoot.domain.Member (class must be instantiated by Interceptor)
2019-03-13 12:00:39.308  INFO 8216 --- [restartedMain] j.LocalContainerEntityManagerFactoryBean : Initialized JPA EntityManagerFactory for persistence unit 'default'
2019-03-13 12:00:39.461  INFO 8216 --- [restartedMain] o.s.s.concurrent.ThreadPoolTaskExecutor  : Initializing ExecutorService 'applicationTaskExecutor'
2019-03-13 12:00:39.467  WARN 8216 --- [restartedMain] aWebConfiguration$JpaWebMvcConfiguration : spring.jpa.open-in-view is enabled by default. Therefore, database queries may be performed during view rendering. Explicitly configure spring.jpa.open-in-view to disable this warning
2019-03-13 12:00:39.573  INFO 8216 --- [restartedMain] o.s.b.d.a.OptionalLiveReloadServer       : LiveReload server is running on port 35729
2019-03-13 12:00:39.593  INFO 8216 --- [restartedMain] o.s.b.w.embedded.tomcat.TomcatWebServer  : Tomcat started on port(s): 8088 (http) with context path ''
2019-03-13 12:00:39.593  INFO 8216 --- [restartedMain] c.z.f.FirstSpringBootApplication         : Started FirstSpringBootApplication in 0.874 seconds (JVM running for 1112.007)
2019-03-13 12:00:39.603  INFO 8216 --- [restartedMain] .ConditionEvaluationDeltaLoggingListener : Condition evaluation unchanged
2019-03-13 12:07:21.648  INFO 8216 --- [Thread-22] o.s.s.concurrent.ThreadPoolTaskExecutor  : Shutting down ExecutorService 'applicationTaskExecutor'
2019-03-13 12:07:21.650  INFO 8216 --- [Thread-22] j.LocalContainerEntityManagerFactoryBean : Closing JPA EntityManagerFactory for persistence unit 'default'
2019-03-13 12:07:21.651  INFO 8216 --- [Thread-22] com.zaxxer.hikari.HikariDataSource       : HikariPool-4 - Shutdown initiated...
2019-03-13 12:07:21.663  INFO 8216 --- [Thread-22] com.zaxxer.hikari.HikariDataSource       : HikariPool-4 - Shutdown completed.
2019-03-13 12:07:21.918  INFO 8216 --- [restartedMain] c.z.f.FirstSpringBootApplication         : Starting FirstSpringBootApplication on Z3X9CSF9XM4HM49 with PID 8216 (D:\IdeaProjects\firstSpringBoot\target\classes started by Administrator in D:\IdeaProjects\firstSpringBoot)
2019-03-13 12:07:21.918  INFO 8216 --- [restartedMain] c.z.f.FirstSpringBootApplication         : The following profiles are active: dev
2019-03-13 12:07:22.194  INFO 8216 --- [restartedMain] .s.d.r.c.RepositoryConfigurationDelegate : Bootstrapping Spring Data repositories in DEFAULT mode.
2019-03-13 12:07:22.206  INFO 8216 --- [restartedMain] .s.d.r.c.RepositoryConfigurationDelegate : Finished Spring Data repository scanning in 12ms. Found 1 repository interfaces.
2019-03-13 12:07:22.252  INFO 8216 --- [restartedMain] trationDelegate$BeanPostProcessorChecker : Bean 'org.springframework.transaction.annotation.ProxyTransactionManagementConfiguration' of type [org.springframework.transaction.annotation.ProxyTransactionManagementConfiguration$$EnhancerBySpringCGLIB$$590ee0c5] is not eligible for getting processed by all BeanPostProcessors (for example: not eligible for auto-proxying)
2019-03-13 12:07:22.348  INFO 8216 --- [restartedMain] o.s.b.w.embedded.tomcat.TomcatWebServer  : Tomcat initialized with port(s): 8088 (http)
2019-03-13 12:07:22.349  INFO 8216 --- [restartedMain] o.apache.catalina.core.StandardService   : Starting service [Tomcat]
2019-03-13 12:07:22.350  INFO 8216 --- [restartedMain] org.apache.catalina.core.StandardEngine  : Starting Servlet engine: [Apache Tomcat/9.0.16]
2019-03-13 12:07:22.384  INFO 8216 --- [restartedMain] o.a.c.c.C.[Tomcat].[localhost].[/]       : Initializing Spring embedded WebApplicationContext
2019-03-13 12:07:22.385  INFO 8216 --- [restartedMain] o.s.web.context.ContextLoader            : Root WebApplicationContext: initialization completed in 463 ms
2019-03-13 12:07:22.434  INFO 8216 --- [restartedMain] com.zaxxer.hikari.HikariDataSource       : HikariPool-5 - Starting...
2019-03-13 12:07:22.452  INFO 8216 --- [restartedMain] com.zaxxer.hikari.HikariDataSource       : HikariPool-5 - Start completed.
2019-03-13 12:07:22.454  INFO 8216 --- [restartedMain] o.hibernate.jpa.internal.util.LogHelper  : HHH000204: Processing PersistenceUnitInfo [
	name: default
	...]
2019-03-13 12:07:22.460  INFO 8216 --- [restartedMain] org.hibernate.dialect.Dialect            : HHH000400: Using dialect: org.hibernate.dialect.MySQL5Dialect
2019-03-13 12:07:22.479  INFO 8216 --- [restartedMain] org.hibernate.tuple.PojoInstantiator     : HHH000182: No default (no-argument) constructor for class: com.zlx.firstSpringBoot.domain.Member (class must be instantiated by Interceptor)
2019-03-13 12:07:22.510  INFO 8216 --- [restartedMain] j.LocalContainerEntityManagerFactoryBean : Initialized JPA EntityManagerFactory for persistence unit 'default'
2019-03-13 12:07:22.659  INFO 8216 --- [restartedMain] o.s.s.concurrent.ThreadPoolTaskExecutor  : Initializing ExecutorService 'applicationTaskExecutor'
2019-03-13 12:07:22.669  WARN 8216 --- [restartedMain] aWebConfiguration$JpaWebMvcConfiguration : spring.jpa.open-in-view is enabled by default. Therefore, database queries may be performed during view rendering. Explicitly configure spring.jpa.open-in-view to disable this warning
2019-03-13 12:07:22.772  INFO 8216 --- [restartedMain] o.s.b.d.a.OptionalLiveReloadServer       : LiveReload server is running on port 35729
2019-03-13 12:07:22.803  INFO 8216 --- [restartedMain] o.s.b.w.embedded.tomcat.TomcatWebServer  : Tomcat started on port(s): 8088 (http) with context path ''
2019-03-13 12:07:22.806  INFO 8216 --- [restartedMain] c.z.f.FirstSpringBootApplication         : Started FirstSpringBootApplication in 0.921 seconds (JVM running for 1515.198)
2019-03-13 12:07:22.813  INFO 8216 --- [restartedMain] .ConditionEvaluationDeltaLoggingListener : Condition evaluation unchanged
2019-03-13 13:04:31.440  INFO 8216 --- [Thread-28] o.s.s.concurrent.ThreadPoolTaskExecutor  : Shutting down ExecutorService 'applicationTaskExecutor'
2019-03-13 13:04:31.441  INFO 8216 --- [Thread-28] j.LocalContainerEntityManagerFactoryBean : Closing JPA EntityManagerFactory for persistence unit 'default'
2019-03-13 13:04:31.442  INFO 8216 --- [Thread-28] com.zaxxer.hikari.HikariDataSource       : HikariPool-5 - Shutdown initiated...
2019-03-13 13:04:31.459  INFO 8216 --- [Thread-28] com.zaxxer.hikari.HikariDataSource       : HikariPool-5 - Shutdown completed.
2019-03-13 13:04:31.872  INFO 8216 --- [restartedMain] c.z.f.FirstSpringBootApplication         : Starting FirstSpringBootApplication on Z3X9CSF9XM4HM49 with PID 8216 (D:\IdeaProjects\firstSpringBoot\target\classes started by Administrator in D:\IdeaProjects\firstSpringBoot)
2019-03-13 13:04:31.872  INFO 8216 --- [restartedMain] c.z.f.FirstSpringBootApplication         : The following profiles are active: dev
2019-03-13 13:04:32.222  INFO 8216 --- [restartedMain] .s.d.r.c.RepositoryConfigurationDelegate : Bootstrapping Spring Data repositories in DEFAULT mode.
2019-03-13 13:04:32.234  INFO 8216 --- [restartedMain] .s.d.r.c.RepositoryConfigurationDelegate : Finished Spring Data repository scanning in 12ms. Found 1 repository interfaces.
2019-03-13 13:04:32.333  INFO 8216 --- [restartedMain] trationDelegate$BeanPostProcessorChecker : Bean 'org.springframework.transaction.annotation.ProxyTransactionManagementConfiguration' of type [org.springframework.transaction.annotation.ProxyTransactionManagementConfiguration$$EnhancerBySpringCGLIB$$590ee0c5] is not eligible for getting processed by all BeanPostProcessors (for example: not eligible for auto-proxying)
2019-03-13 13:04:32.448  INFO 8216 --- [restartedMain] o.s.b.w.embedded.tomcat.TomcatWebServer  : Tomcat initialized with port(s): 8088 (http)
2019-03-13 13:04:32.450  INFO 8216 --- [restartedMain] o.apache.catalina.core.StandardService   : Starting service [Tomcat]
2019-03-13 13:04:32.450  INFO 8216 --- [restartedMain] org.apache.catalina.core.StandardEngine  : Starting Servlet engine: [Apache Tomcat/9.0.16]
2019-03-13 13:04:32.468  INFO 8216 --- [restartedMain] o.a.c.c.C.[Tomcat].[localhost].[/]       : Initializing Spring embedded WebApplicationContext
2019-03-13 13:04:32.469  INFO 8216 --- [restartedMain] o.s.web.context.ContextLoader            : Root WebApplicationContext: initialization completed in 594 ms
2019-03-13 13:04:32.532  INFO 8216 --- [restartedMain] com.zaxxer.hikari.HikariDataSource       : HikariPool-6 - Starting...
2019-03-13 13:04:32.554  INFO 8216 --- [restartedMain] com.zaxxer.hikari.HikariDataSource       : HikariPool-6 - Start completed.
2019-03-13 13:04:32.560  INFO 8216 --- [restartedMain] o.hibernate.jpa.internal.util.LogHelper  : HHH000204: Processing PersistenceUnitInfo [
	name: default
	...]
2019-03-13 13:04:32.570  INFO 8216 --- [restartedMain] org.hibernate.dialect.Dialect            : HHH000400: Using dialect: org.hibernate.dialect.MySQL5Dialect
2019-03-13 13:04:32.589  INFO 8216 --- [restartedMain] org.hibernate.tuple.PojoInstantiator     : HHH000182: No default (no-argument) constructor for class: com.zlx.firstSpringBoot.domain.Member (class must be instantiated by Interceptor)
2019-03-13 13:04:32.618  INFO 8216 --- [restartedMain] j.LocalContainerEntityManagerFactoryBean : Initialized JPA EntityManagerFactory for persistence unit 'default'
2019-03-13 13:04:32.779  INFO 8216 --- [restartedMain] o.s.s.concurrent.ThreadPoolTaskExecutor  : Initializing ExecutorService 'applicationTaskExecutor'
2019-03-13 13:04:32.785  WARN 8216 --- [restartedMain] aWebConfiguration$JpaWebMvcConfiguration : spring.jpa.open-in-view is enabled by default. Therefore, database queries may be performed during view rendering. Explicitly configure spring.jpa.open-in-view to disable this warning
2019-03-13 13:04:32.874  INFO 8216 --- [restartedMain] o.s.b.d.a.OptionalLiveReloadServer       : LiveReload server is running on port 35729
2019-03-13 13:04:32.910  INFO 8216 --- [restartedMain] o.s.b.w.embedded.tomcat.TomcatWebServer  : Tomcat started on port(s): 8088 (http) with context path ''
2019-03-13 13:04:32.931  INFO 8216 --- [restartedMain] c.z.f.FirstSpringBootApplication         : Started FirstSpringBootApplication in 1.113 seconds (JVM running for 4945.21)
2019-03-13 13:04:32.935  INFO 8216 --- [restartedMain] .ConditionEvaluationDeltaLoggingListener : Condition evaluation unchanged
2019-03-13 13:04:48.190  INFO 9108 --- [restartedMain] c.z.f.FirstSpringBootApplication         : Starting FirstSpringBootApplication on Z3X9CSF9XM4HM49 with PID 9108 (D:\IdeaProjects\firstSpringBoot\target\classes started by Administrator in D:\IdeaProjects\firstSpringBoot)
2019-03-13 13:04:48.192  INFO 9108 --- [restartedMain] c.z.f.FirstSpringBootApplication         : The following profiles are active: dev
2019-03-13 13:04:48.240  INFO 9108 --- [restartedMain] .e.DevToolsPropertyDefaultsPostProcessor : Devtools property defaults active! Set 'spring.devtools.add-properties' to 'false' to disable
2019-03-13 13:04:48.240  INFO 9108 --- [restartedMain] .e.DevToolsPropertyDefaultsPostProcessor : For additional web related logging consider setting the 'logging.level.web' property to 'DEBUG'
2019-03-13 13:04:49.173  INFO 9108 --- [restartedMain] .s.d.r.c.RepositoryConfigurationDelegate : Bootstrapping Spring Data repositories in DEFAULT mode.
2019-03-13 13:04:49.342  INFO 9108 --- [restartedMain] .s.d.r.c.RepositoryConfigurationDelegate : Finished Spring Data repository scanning in 159ms. Found 1 repository interfaces.
2019-03-13 13:04:49.793  INFO 9108 --- [restartedMain] trationDelegate$BeanPostProcessorChecker : Bean 'org.springframework.transaction.annotation.ProxyTransactionManagementConfiguration' of type [org.springframework.transaction.annotation.ProxyTransactionManagementConfiguration$$EnhancerBySpringCGLIB$$6d1631be] is not eligible for getting processed by all BeanPostProcessors (for example: not eligible for auto-proxying)
2019-03-13 13:04:50.577  INFO 9108 --- [restartedMain] o.s.b.w.embedded.tomcat.TomcatWebServer  : Tomcat initialized with port(s): 8088 (http)
2019-03-13 13:04:50.618  INFO 9108 --- [restartedMain] o.apache.catalina.core.StandardService   : Starting service [Tomcat]
2019-03-13 13:04:50.619  INFO 9108 --- [restartedMain] org.apache.catalina.core.StandardEngine  : Starting Servlet engine: [Apache Tomcat/9.0.16]
2019-03-13 13:04:50.636  INFO 9108 --- [restartedMain] o.a.catalina.core.AprLifecycleListener   : The APR based Apache Tomcat Native library which allows optimal performance in production environments was not found on the java.library.path: [F:\java\Java\jdk1.8.0_191\bin;C:\Windows\Sun\Java\bin;C:\Windows\system32;C:\Windows;F:\java\Java\jdk1.8.0_191\bin;F:\java\apache-maven-3.6.0-bin\apache-maven-3.6.0\bin;D:\Python37\Scripts\;D:\Python37\;C:\Program Files (x86)\Common Files\Oracle\Java\javapath;C:\Windows\system32;C:\Windows;C:\Windows\System32\Wbem;C:\Windows\System32\WindowsPowerShell\v1.0\;F:\java\Java\jdk1.8.0_191\bin;F:\java\Java\jdk1.8.0_191\jre\bin;D:\adt-bundle-windows-x86_64-20140702\sdk\platform-tools;D:\Go\bin;F:\ffmpeg-20190220-7e4d3db-win64-static\bin;F:\Git\cmd;F:\cmder;C:\Users\Administrator\go\bin;F:\MySQL\MySQL Server 8.0\bin;F:\java\IntelliJ IDEA Community Edition 2018.3.5\bin;;.]
2019-03-13 13:04:50.774  INFO 9108 --- [restartedMain] o.a.c.c.C.[Tomcat].[localhost].[/]       : Initializing Spring embedded WebApplicationContext
2019-03-13 13:04:50.774  INFO 9108 --- [restartedMain] o.s.web.context.ContextLoader            : Root WebApplicationContext: initialization completed in 2534 ms
2019-03-13 13:04:51.046  INFO 9108 --- [restartedMain] com.zaxxer.hikari.HikariDataSource       : HikariPool-1 - Starting...
2019-03-13 13:04:51.617  INFO 9108 --- [restartedMain] com.zaxxer.hikari.HikariDataSource       : HikariPool-1 - Start completed.
2019-03-13 13:04:51.672  INFO 9108 --- [restartedMain] o.hibernate.jpa.internal.util.LogHelper  : HHH000204: Processing PersistenceUnitInfo [
	name: default
	...]
2019-03-13 13:04:51.788  INFO 9108 --- [restartedMain] org.hibernate.Version                    : HHH000412: Hibernate Core {5.3.7.Final}
2019-03-13 13:04:51.790  INFO 9108 --- [restartedMain] org.hibernate.cfg.Environment            : HHH000206: hibernate.properties not found
2019-03-13 13:04:52.011  INFO 9108 --- [restartedMain] o.hibernate.annotations.common.Version   : HCANN000001: Hibernate Commons Annotations {5.0.4.Final}
2019-03-13 13:04:52.214  INFO 9108 --- [restartedMain] org.hibernate.dialect.Dialect            : HHH000400: Using dialect: org.hibernate.dialect.MySQL5Dialect
2019-03-13 13:04:52.636  INFO 9108 --- [restartedMain] org.hibernate.tuple.PojoInstantiator     : HHH000182: No default (no-argument) constructor for class: com.zlx.firstSpringBoot.domain.Member (class must be instantiated by Interceptor)
2019-03-13 13:04:52.959  INFO 9108 --- [restartedMain] j.LocalContainerEntityManagerFactoryBean : Initialized JPA EntityManagerFactory for persistence unit 'default'
2019-03-13 13:04:53.683  INFO 9108 --- [restartedMain] o.s.s.concurrent.ThreadPoolTaskExecutor  : Initializing ExecutorService 'applicationTaskExecutor'
2019-03-13 13:04:53.743  WARN 9108 --- [restartedMain] aWebConfiguration$JpaWebMvcConfiguration : spring.jpa.open-in-view is enabled by default. Therefore, database queries may be performed during view rendering. Explicitly configure spring.jpa.open-in-view to disable this warning
2019-03-13 13:04:54.186  INFO 9108 --- [restartedMain] o.s.b.d.a.OptionalLiveReloadServer       : LiveReload server is running on port 35729
2019-03-13 13:04:54.271  INFO 9108 --- [restartedMain] o.s.b.w.embedded.tomcat.TomcatWebServer  : Tomcat started on port(s): 8088 (http) with context path ''
2019-03-13 13:04:54.274  INFO 9108 --- [restartedMain] c.z.f.FirstSpringBootApplication         : Started FirstSpringBootApplication in 6.661 seconds (JVM running for 7.359)
2019-03-13 13:05:31.283  INFO 9108 --- [http-nio-8088-exec-1] o.a.c.c.C.[Tomcat].[localhost].[/]       : Initializing Spring DispatcherServlet 'dispatcherServlet'
2019-03-13 13:05:31.283  INFO 9108 --- [http-nio-8088-exec-1] o.s.web.servlet.DispatcherServlet        : Initializing Servlet 'dispatcherServlet'
2019-03-13 13:05:31.294  INFO 9108 --- [http-nio-8088-exec-1] o.s.web.servlet.DispatcherServlet        : Completed initialization in 11 ms
2019-03-13 13:06:08.433 ERROR 9108 --- [http-nio-8088-exec-5] o.a.c.c.C.[.[.[/].[dispatcherServlet]    : Servlet.service() for servlet [dispatcherServlet] in context with path [] threw exception [No adapter for handler [com.zlx.firstSpringBoot.controller.WebSocketController@53f202a2]: The DispatcherServlet configuration needs to include a HandlerAdapter that supports this handler] with root cause

javax.servlet.ServletException: No adapter for handler [com.zlx.firstSpringBoot.controller.WebSocketController@53f202a2]: The DispatcherServlet configuration needs to include a HandlerAdapter that supports this handler
	at org.springframework.web.servlet.DispatcherServlet.getHandlerAdapter(DispatcherServlet.java:1272) ~[spring-webmvc-5.1.5.RELEASE.jar:5.1.5.RELEASE]
	at org.springframework.web.servlet.DispatcherServlet.doDispatch(DispatcherServlet.java:1021) ~[spring-webmvc-5.1.5.RELEASE.jar:5.1.5.RELEASE]
	at org.springframework.web.servlet.DispatcherServlet.doService(DispatcherServlet.java:942) ~[spring-webmvc-5.1.5.RELEASE.jar:5.1.5.RELEASE]
	at org.springframework.web.servlet.FrameworkServlet.processRequest(FrameworkServlet.java:1005) ~[spring-webmvc-5.1.5.RELEASE.jar:5.1.5.RELEASE]
	at org.springframework.web.servlet.FrameworkServlet.doGet(FrameworkServlet.java:897) ~[spring-webmvc-5.1.5.RELEASE.jar:5.1.5.RELEASE]
	at javax.servlet.http.HttpServlet.service(HttpServlet.java:634) ~[tomcat-embed-core-9.0.16.jar:9.0.16]
	at org.springframework.web.servlet.FrameworkServlet.service(FrameworkServlet.java:882) ~[spring-webmvc-5.1.5.RELEASE.jar:5.1.5.RELEASE]
	at javax.servlet.http.HttpServlet.service(HttpServlet.java:741) ~[tomcat-embed-core-9.0.16.jar:9.0.16]
	at org.apache.catalina.core.ApplicationFilterChain.internalDoFilter(ApplicationFilterChain.java:231) ~[tomcat-embed-core-9.0.16.jar:9.0.16]
	at org.apache.catalina.core.ApplicationFilterChain.doFilter(ApplicationFilterChain.java:166) ~[tomcat-embed-core-9.0.16.jar:9.0.16]
	at org.apache.tomcat.websocket.server.WsFilter.doFilter(WsFilter.java:53) ~[tomcat-embed-websocket-9.0.16.jar:9.0.16]
	at org.apache.catalina.core.ApplicationFilterChain.internalDoFilter(ApplicationFilterChain.java:193) ~[tomcat-embed-core-9.0.16.jar:9.0.16]
	at org.apache.catalina.core.ApplicationFilterChain.doFilter(ApplicationFilterChain.java:166) ~[tomcat-embed-core-9.0.16.jar:9.0.16]
	at org.springframework.web.filter.RequestContextFilter.doFilterInternal(RequestContextFilter.java:99) ~[spring-web-5.1.5.RELEASE.jar:5.1.5.RELEASE]
	at org.springframework.web.filter.OncePerRequestFilter.doFilter(OncePerRequestFilter.java:107) ~[spring-web-5.1.5.RELEASE.jar:5.1.5.RELEASE]
	at org.apache.catalina.core.ApplicationFilterChain.internalDoFilter(ApplicationFilterChain.java:193) ~[tomcat-embed-core-9.0.16.jar:9.0.16]
	at org.apache.catalina.core.ApplicationFilterChain.doFilter(ApplicationFilterChain.java:166) ~[tomcat-embed-core-9.0.16.jar:9.0.16]
	at org.springframework.web.filter.FormContentFilter.doFilterInternal(FormContentFilter.java:92) ~[spring-web-5.1.5.RELEASE.jar:5.1.5.RELEASE]
	at org.springframework.web.filter.OncePerRequestFilter.doFilter(OncePerRequestFilter.java:107) ~[spring-web-5.1.5.RELEASE.jar:5.1.5.RELEASE]
	at org.apache.catalina.core.ApplicationFilterChain.internalDoFilter(ApplicationFilterChain.java:193) ~[tomcat-embed-core-9.0.16.jar:9.0.16]
	at org.apache.catalina.core.ApplicationFilterChain.doFilter(ApplicationFilterChain.java:166) ~[tomcat-embed-core-9.0.16.jar:9.0.16]
	at org.springframework.web.filter.HiddenHttpMethodFilter.doFilterInternal(HiddenHttpMethodFilter.java:93) ~[spring-web-5.1.5.RELEASE.jar:5.1.5.RELEASE]
	at org.springframework.web.filter.OncePerRequestFilter.doFilter(OncePerRequestFilter.java:107) ~[spring-web-5.1.5.RELEASE.jar:5.1.5.RELEASE]
	at org.apache.catalina.core.ApplicationFilterChain.internalDoFilter(ApplicationFilterChain.java:193) ~[tomcat-embed-core-9.0.16.jar:9.0.16]
	at org.apache.catalina.core.ApplicationFilterChain.doFilter(ApplicationFilterChain.java:166) ~[tomcat-embed-core-9.0.16.jar:9.0.16]
	at org.springframework.web.filter.CharacterEncodingFilter.doFilterInternal(CharacterEncodingFilter.java:200) ~[spring-web-5.1.5.RELEASE.jar:5.1.5.RELEASE]
	at org.springframework.web.filter.OncePerRequestFilter.doFilter(OncePerRequestFilter.java:107) ~[spring-web-5.1.5.RELEASE.jar:5.1.5.RELEASE]
	at org.apache.catalina.core.ApplicationFilterChain.internalDoFilter(ApplicationFilterChain.java:193) ~[tomcat-embed-core-9.0.16.jar:9.0.16]
	at org.apache.catalina.core.ApplicationFilterChain.doFilter(ApplicationFilterChain.java:166) ~[tomcat-embed-core-9.0.16.jar:9.0.16]
	at org.apache.catalina.core.StandardWrapperValve.invoke(StandardWrapperValve.java:200) ~[tomcat-embed-core-9.0.16.jar:9.0.16]
	at org.apache.catalina.core.StandardContextValve.invoke(StandardContextValve.java:96) [tomcat-embed-core-9.0.16.jar:9.0.16]
	at org.apache.catalina.authenticator.AuthenticatorBase.invoke(AuthenticatorBase.java:490) [tomcat-embed-core-9.0.16.jar:9.0.16]
	at org.apache.catalina.core.StandardHostValve.invoke(StandardHostValve.java:139) [tomcat-embed-core-9.0.16.jar:9.0.16]
	at org.apache.catalina.valves.ErrorReportValve.invoke(ErrorReportValve.java:92) [tomcat-embed-core-9.0.16.jar:9.0.16]
	at org.apache.catalina.core.StandardEngineValve.invoke(StandardEngineValve.java:74) [tomcat-embed-core-9.0.16.jar:9.0.16]
	at org.apache.catalina.connector.CoyoteAdapter.service(CoyoteAdapter.java:343) [tomcat-embed-core-9.0.16.jar:9.0.16]
	at org.apache.coyote.http11.Http11Processor.service(Http11Processor.java:408) [tomcat-embed-core-9.0.16.jar:9.0.16]
	at org.apache.coyote.AbstractProcessorLight.process(AbstractProcessorLight.java:66) [tomcat-embed-core-9.0.16.jar:9.0.16]
	at org.apache.coyote.AbstractProtocol$ConnectionHandler.process(AbstractProtocol.java:834) [tomcat-embed-core-9.0.16.jar:9.0.16]
	at org.apache.tomcat.util.net.NioEndpoint$SocketProcessor.doRun(NioEndpoint.java:1415) [tomcat-embed-core-9.0.16.jar:9.0.16]
	at org.apache.tomcat.util.net.SocketProcessorBase.run(SocketProcessorBase.java:49) [tomcat-embed-core-9.0.16.jar:9.0.16]
	at java.util.concurrent.ThreadPoolExecutor.runWorker(ThreadPoolExecutor.java:1149) [na:1.8.0_191]
	at java.util.concurrent.ThreadPoolExecutor$Worker.run(ThreadPoolExecutor.java:624) [na:1.8.0_191]
	at org.apache.tomcat.util.threads.TaskThread$WrappingRunnable.run(TaskThread.java:61) [tomcat-embed-core-9.0.16.jar:9.0.16]
	at java.lang.Thread.run(Thread.java:748) [na:1.8.0_191]

2019-03-13 13:06:10.676  INFO 9108 --- [Thread-6] o.s.s.concurrent.ThreadPoolTaskExecutor  : Shutting down ExecutorService 'applicationTaskExecutor'
2019-03-13 13:06:10.677  INFO 9108 --- [Thread-6] j.LocalContainerEntityManagerFactoryBean : Closing JPA EntityManagerFactory for persistence unit 'default'
2019-03-13 13:06:10.679  INFO 9108 --- [Thread-6] com.zaxxer.hikari.HikariDataSource       : HikariPool-1 - Shutdown initiated...
2019-03-13 13:06:10.686  INFO 9108 --- [Thread-6] com.zaxxer.hikari.HikariDataSource       : HikariPool-1 - Shutdown completed.
